241201 11:53:13 mysqld_safe Starting mariadbd daemon with databases from /home/runner/ITCS333-Project/sql_data
2024-12-01 11:53:14 0 [Note] /nix/store/iswl6kainniybjqjc9wb8415sy6xij6d-mariadb-server-10.6.7/bin/mariadbd (server 10.6.7-MariaDB-log) starting as process 1460 ...
2024-12-01 11:53:14 0 [Warning] Could not increase number of max_open_files to more than 20971 (request: 32188)
2024-12-01 11:53:14 0 [Note] InnoDB: The first data file './ibdata1' did not exist. A new tablespace will be created!
2024-12-01 11:53:14 0 [Note] InnoDB: Compressed tables use zlib 1.2.11
2024-12-01 11:53:14 0 [Note] InnoDB: Number of pools: 1
2024-12-01 11:53:14 0 [Note] InnoDB: Using crc32 + pclmulqdq instructions
2024-12-01 11:53:14 0 [Warning] mariadbd: io_uring_queue_init() failed with errno 1
2024-12-01 11:53:14 0 [Warning] InnoDB: liburing disabled: falling back to innodb_use_native_aio=OFF
2024-12-01 11:53:14 0 [Note] InnoDB: Initializing buffer pool, total size = 134217728, chunk size = 134217728
2024-12-01 11:53:14 0 [Note] InnoDB: Completed initialization of buffer pool
2024-12-01 11:53:14 0 [Note] InnoDB: Setting file './ibdata1' size to 12 MB. Physically writing the file full; Please wait ...
2024-12-01 11:53:14 0 [Note] InnoDB: File './ibdata1' size is now 12 MB.
2024-12-01 11:53:14 0 [Note] InnoDB: Setting log file ./ib_logfile101 size to 4194304 bytes
2024-12-01 11:53:14 0 [Note] InnoDB: Renaming log file ./ib_logfile101 to ./ib_logfile0
2024-12-01 11:53:14 0 [Note] InnoDB: New log file created, LSN=10329
2024-12-01 11:53:14 0 [Note] InnoDB: Doublewrite buffer not found: creating new
2024-12-01 11:53:14 0 [Note] InnoDB: Doublewrite buffer created
2024-12-01 11:53:14 0 [Note] InnoDB: 128 rollback segments are active.
2024-12-01 11:53:14 0 [Note] InnoDB: Creating shared tablespace for temporary tables
2024-12-01 11:53:14 0 [Note] InnoDB: Setting file './ibtmp1' size to 12 MB. Physically writing the file full; Please wait ...
2024-12-01 11:53:14 0 [Note] InnoDB: File './ibtmp1' size is now 12 MB.
2024-12-01 11:53:14 0 [Note] InnoDB: 10.6.7 started; log sequence number 0; transaction id 3
2024-12-01 11:53:14 0 [Note] Plugin 'FEEDBACK' is disabled.
2024-12-01 11:53:14 0 [ERROR] Could not open mysql.plugin table: "Table 'mysql.plugin' doesn't exist". Some plugins may be not loaded
2024-12-01 11:53:14 0 [ERROR] Can't open and lock privilege tables: Table 'mysql.servers' doesn't exist
2024-12-01 11:53:14 0 [Note] Server socket created on IP: '127.0.0.1'.
2024-12-01 11:53:14 0 [ERROR] Fatal error: Can't open and lock privilege tables: Table 'mysql.db' doesn't exist
2024-12-01 11:53:14 0 [ERROR] Aborting
Warning: Memory not freed: 280
241201 11:53:14 mysqld_safe mysqld from pid file /home/runner/ITCS333-Project/sql_data/mysqld.pid ended
